<?xml version="1.0" encoding="UTF-8"?>
<testng-results ignored="0" total="1" passed="1" failed="0" skipped="0">
  <reporter-output>
  </reporter-output>
  <suite started-at="2026-02-26T16:57:09 IST" name="Default suite" finished-at="2026-02-26T16:57:21 IST" duration-ms="12764">
    <groups>
    </groups>
    <test started-at="2026-02-26T16:57:09 IST" name="Default test" finished-at="2026-02-26T16:57:21 IST" duration-ms="12764">
      <class name="example.GoogleTest">
        <test-method signature="openGoogle()[pri:0, instance:example.GoogleTest@72967906]" started-at="2026-02-26T16:57:09 IST" name="openGoogle" finished-at="2026-02-26T16:57:21 IST" duration-ms="12716" status="PASS">
          <reporter-output>
          </reporter-output>
        </test-method> <!-- openGoogle -->
      </class> <!-- example.GoogleTest -->
    </test> <!-- Default test -->
  </suite> <!-- Default suite -->
</testng-results>
